<testsuites id="" name="" tests="5" failures="1" skipped="1" errors="0" time="2.212714">
<testsuite name="demo22.spec.js" timestamp="2025-12-09T16:35:44.015Z" hostname="Google Chrome" tests="5" failures="1" skipped="1" time="1.431" errors="0">
<testcase name="demo22 test" classname="demo22.spec.js" time="0.378">
<system-out>
<![CDATA[demo22 test
]]>
</system-out>
</testcase>
<testcase name="demo221 test" classname="demo22.spec.js" time="0.357">
<system-out>
<![CDATA[demo221 test
]]>
</system-out>
</testcase>
<testcase name="demo223 test" classname="demo22.spec.js" time="0.348">
<system-out>
<![CDATA[demo223 test
]]>
</system-out>
</testcase>
<testcase name="demo224 test" classname="demo22.spec.js" time="0">
<properties>
<property name="skip" value="">
</property>
</properties>
<skipped>
</skipped>
</testcase>
<testcase name="demo225 test" classname="demo22.spec.js" time="0.348">
<properties>
<property name="fail" value="">
</property>
</properties>
<failure message="demo22.spec.js:18:6 demo225 test" type="FAILURE">
<![CDATA[  [Google Chrome] › demo22.spec.js:18:6 › demo225 test ─────────────────────────────────────────────

    Expected to fail, but passed.
]]>
</failure>
</testcase>
</testsuite>
</testsuites>